c:\users\matuf\onedrive\área de trabalho\mestrado\doutorado\2  semestre\modelagem geométrica\trabalho 3\octree-mg\octree\x64\debug\vc143.pdb
c:\users\matuf\onedrive\área de trabalho\mestrado\doutorado\2  semestre\modelagem geométrica\trabalho 3\octree-mg\octree\x64\debug\vc143.idb
c:\users\matuf\onedrive\área de trabalho\mestrado\doutorado\2  semestre\modelagem geométrica\trabalho 3\octree-mg\octree\x64\debug\eulerops.obj
c:\users\matuf\onedrive\área de trabalho\mestrado\doutorado\2  semestre\modelagem geométrica\trabalho 3\octree-mg\octree\x64\debug\primitive.obj
c:\users\matuf\onedrive\área de trabalho\mestrado\doutorado\2  semestre\modelagem geométrica\trabalho 3\octree-mg\octree\x64\debug\main.obj
c:\users\matuf\onedrive\área de trabalho\mestrado\doutorado\2  semestre\modelagem geométrica\trabalho 3\octree-mg\octree\x64\debug\bezier.obj
c:\users\matuf\onedrive\área de trabalho\mestrado\doutorado\2  semestre\modelagem geométrica\trabalho 3\octree-mg\octree\x64\debug\vertex.obj
c:\users\matuf\onedrive\área de trabalho\mestrado\doutorado\2  semestre\modelagem geométrica\trabalho 3\octree-mg\octree\x64\debug\mesh.obj
c:\users\matuf\onedrive\área de trabalho\mestrado\doutorado\2  semestre\modelagem geométrica\trabalho 3\octree-mg\octree\x64\debug\loop.obj
c:\users\matuf\onedrive\área de trabalho\mestrado\doutorado\2  semestre\modelagem geométrica\trabalho 3\octree-mg\octree\x64\debug\halfedge.obj
c:\users\matuf\onedrive\área de trabalho\mestrado\doutorado\2  semestre\modelagem geométrica\trabalho 3\octree-mg\octree\x64\debug\face.obj
c:\users\matuf\onedrive\área de trabalho\mestrado\doutorado\2  semestre\modelagem geométrica\trabalho 3\octree-mg\octree\x64\debug\edge.obj
c:\users\matuf\onedrive\área de trabalho\mestrado\doutorado\2  semestre\modelagem geométrica\trabalho 3\octree-mg\octree\x64\debug\octree-mg.ilk
c:\users\matuf\onedrive\área de trabalho\mestrado\doutorado\2  semestre\modelagem geométrica\trabalho 3\octree-mg\x64\debug\octree-mg.pdb
c:\users\matuf\onedrive\área de trabalho\mestrado\doutorado\2  semestre\modelagem geométrica\trabalho 3\octree-mg\x64\debug\octree-mg.exe
c:\users\matuf\onedrive\área de trabalho\mestrado\doutorado\2  semestre\modelagem geométrica\trabalho 3\octree-mg\octree\x64\debug\octree-mg.tlog\cl.command.1.tlog
c:\users\matuf\onedrive\área de trabalho\mestrado\doutorado\2  semestre\modelagem geométrica\trabalho 3\octree-mg\octree\x64\debug\octree-mg.tlog\cl.read.1.tlog
c:\users\matuf\onedrive\área de trabalho\mestrado\doutorado\2  semestre\modelagem geométrica\trabalho 3\octree-mg\octree\x64\debug\octree-mg.tlog\cl.write.1.tlog
c:\users\matuf\onedrive\área de trabalho\mestrado\doutorado\2  semestre\modelagem geométrica\trabalho 3\octree-mg\octree\x64\debug\octree-mg.tlog\link.command.1.tlog
c:\users\matuf\onedrive\área de trabalho\mestrado\doutorado\2  semestre\modelagem geométrica\trabalho 3\octree-mg\octree\x64\debug\octree-mg.tlog\link.read.1.tlog
c:\users\matuf\onedrive\área de trabalho\mestrado\doutorado\2  semestre\modelagem geométrica\trabalho 3\octree-mg\octree\x64\debug\octree-mg.tlog\link.write.1.tlog
